<?xml version="1.0" encoding="UTF-8"?>
<testng-results ignored="0" total="1" passed="1" failed="0" skipped="0">
  <reporter-output>
  </reporter-output>
  <suite started-at="2025-09-03T16:36:52 IST" name="RegressionSuite" finished-at="2025-09-03T16:37:02 IST" duration-ms="10453">
    <groups>
    </groups>
    <test started-at="2025-09-03T16:36:52 IST" name="SellerE2EFlow" finished-at="2025-09-03T16:37:02 IST" duration-ms="10453">
      <class name="com.byzwiz.tests.ReportEmailSender">
        <test-method is-config="true" signature="sendReport()[pri:0, instance:com.byzwiz.tests.ReportEmailSender@54227100]" started-at="2025-09-03T16:37:03 IST" name="sendReport" finished-at="2025-09-03T16:37:34 IST" duration-ms="30452" status="PASS">
          <reporter-output>
          </reporter-output>
        </test-method> <!-- sendReport -->
      </class> <!-- com.byzwiz.tests.ReportEmailSender -->
      <class name="com.byzwiz.tests.Login">
        <test-method is-config="true" signature="beforeSuite()[pri:0, instance:com.byzwiz.tests.Login@31e75d13]" started-at="2025-09-03T16:36:52 IST" name="beforeSuite" finished-at="2025-09-03T16:36:52 IST" duration-ms="174" status="PASS">
          <reporter-output>
          </reporter-output>
        </test-method> <!-- beforeSuite -->
        <test-method is-config="true" signature="setUp(java.lang.reflect.Method)[pri:0, instance:com.byzwiz.tests.Login@31e75d13]" started-at="2025-09-03T16:36:52 IST" name="setUp" finished-at="2025-09-03T16:36:54 IST" duration-ms="1778" status="PASS">
          <params>
            <param index="0">
              <value>
                <![CDATA[public void com.byzwiz.tests.Login.testSuccessfulLogin(java.lang.String,java.lang.String,java.lang.String) throws java.lang.InterruptedException]]>
              </value>
            </param>
          </params>
          <reporter-output>
          </reporter-output>
        </test-method> <!-- setUp -->
        <test-method signature="testSuccessfulLogin(java.lang.String,java.lang.String,java.lang.String)[pri:0, instance:com.byzwiz.tests.Login@31e75d13]" started-at="2025-09-03T16:36:54 IST" name="testSuccessfulLogin" data-provider="loginData" finished-at="2025-09-03T16:37:02 IST" duration-ms="7959" status="PASS">
          <params>
            <param index="0">
              <value>
                <![CDATA[Kad Nagar Undri]]>
              </value>
            </param>
            <param index="1">
              <value>
                <![CDATA[8390289030]]>
              </value>
            </param>
            <param index="2">
              <value>
                <![CDATA[1234]]>
              </value>
            </param>
          </params>
          <reporter-output>
          </reporter-output>
        </test-method> <!-- testSuccessfulLogin -->
        <test-method is-config="true" signature="tearDown(org.testng.ITestResult)[pri:0, instance:com.byzwiz.tests.Login@31e75d13]" started-at="2025-09-03T16:37:02 IST" name="tearDown" finished-at="2025-09-03T16:37:02 IST" duration-ms="665" status="PASS">
          <params>
            <param index="0">
              <value>
                <![CDATA[[TestResult name=testSuccessfulLogin status=SUCCESS method=Login.testSuccessfulLogin(java.lang.String,java.lang.String,java.lang.String)[pri:0, instance:com.byzwiz.tests.Login@31e75d13] output={null}]]]>
              </value>
            </param>
          </params>
          <reporter-output>
          </reporter-output>
        </test-method> <!-- tearDown -->
        <test-method is-config="true" signature="afterSuite()[pri:0, instance:com.byzwiz.tests.Login@31e75d13]" started-at="2025-09-03T16:37:03 IST" name="afterSuite" finished-at="2025-09-03T16:37:03 IST" duration-ms="189" status="PASS">
          <reporter-output>
          </reporter-output>
        </test-method> <!-- afterSuite -->
      </class> <!-- com.byzwiz.tests.Login -->
    </test> <!-- SellerE2EFlow -->
  </suite> <!-- RegressionSuite -->
</testng-results>
