<?xml version="1.0" encoding="UTF-8"?>
<!-- Generated by org.testng.reporters.JUnitXMLReporter -->
<testsuite ignored="0" hostname="DESKTOP-1MRBHHO" failures="0" tests="2" name="DataDrivenLoginTest" time="207.633" errors="0" timestamp="2025-08-06T12:03:39 IST">
  <testcase classname="com.byzwiz.tests.FreshFoodOutlet" name="freshFoodOutletFlow" time="72.852">
    <skipped/>
  </testcase> <!-- freshFoodOutletFlow -->
  <testcase classname="com.byzwiz.tests.FreshFoodOutlet" name="freshFoodOutletFlow" time="128.42"/>
</testsuite> <!-- DataDrivenLoginTest -->
